<?xml version="1.0" encoding="UTF-8"?>
<testng-results ignored="0" total="2" passed="2" failed="0" skipped="0">
  <reporter-output>
  </reporter-output>
  <suite started-at="2023-03-14T11:45:43 IST" name="Regression" finished-at="2023-03-14T11:46:06 IST" duration-ms="23140">
    <groups>
    </groups>
    <test started-at="2023-03-14T11:45:43 IST" name="BimleshAutomation1" finished-at="2023-03-14T11:45:52 IST" duration-ms="8884">
      <class name="Tests.LoginPageTest">
        <test-method is-config="true" signature="setup()[pri:0, instance:Tests.LoginPageTest@16a0ee18]" started-at="2023-03-14T11:45:43 IST" name="setup" finished-at="2023-03-14T11:45:48 IST" duration-ms="4297" status="PASS">
          <reporter-output>
          </reporter-output>
        </test-method> <!-- setup -->
        <test-method signature="doLoginTest()[pri:0, instance:Tests.LoginPageTest@16a0ee18]" started-at="2023-03-14T11:45:48 IST" name="doLoginTest" finished-at="2023-03-14T11:45:52 IST" duration-ms="4547" status="PASS">
          <reporter-output>
          </reporter-output>
        </test-method> <!-- doLoginTest -->
      </class> <!-- Tests.LoginPageTest -->
    </test> <!-- BimleshAutomation1 -->
    <test started-at="2023-03-14T11:45:52 IST" name="BimleshAutomation2" finished-at="2023-03-14T11:46:06 IST" duration-ms="14220">
      <class name="Tests.LogoutPageTest">
        <test-method is-config="true" signature="setup()[pri:0, instance:Tests.LogoutPageTest@bae7dc0]" started-at="2023-03-14T11:45:52 IST" name="setup" finished-at="2023-03-14T11:45:54 IST" duration-ms="2290" status="PASS">
          <reporter-output>
          </reporter-output>
        </test-method> <!-- setup -->
        <test-method is-config="true" signature="logoutPageSetup()[pri:0, instance:Tests.LogoutPageTest@bae7dc0]" started-at="2023-03-14T11:45:54 IST" name="logoutPageSetup" finished-at="2023-03-14T11:46:02 IST" duration-ms="7575" status="PASS">
          <reporter-output>
          </reporter-output>
        </test-method> <!-- logoutPageSetup -->
        <test-method signature="doLogoutTest()[pri:0, instance:Tests.LogoutPageTest@bae7dc0]" started-at="2023-03-14T11:46:02 IST" name="doLogoutTest" finished-at="2023-03-14T11:46:06 IST" duration-ms="4354" status="PASS">
          <reporter-output>
          </reporter-output>
        </test-method> <!-- doLogoutTest -->
      </class> <!-- Tests.LogoutPageTest -->
    </test> <!-- BimleshAutomation2 -->
  </suite> <!-- Regression -->
</testng-results>
