<?xml version="1.0" encoding="UTF-8"?>
<testng-results ignored="0" total="2" passed="2" failed="0" skipped="0">
  <reporter-output>
  </reporter-output>
  <suite started-at="2023-03-14T11:44:39 IST" name="Regression" finished-at="2023-03-14T11:45:05 IST" duration-ms="26361">
    <groups>
    </groups>
    <test started-at="2023-03-14T11:44:39 IST" name="BimleshAutomation1" finished-at="2023-03-14T11:44:52 IST" duration-ms="13936">
      <class name="Tests.LoginPageTest">
        <test-method is-config="true" signature="setup()[pri:0, instance:Tests.LoginPageTest@4f2b503c]" started-at="2023-03-14T11:44:39 IST" name="setup" finished-at="2023-03-14T11:44:48 IST" duration-ms="9274" status="PASS">
          <reporter-output>
          </reporter-output>
        </test-method> <!-- setup -->
        <test-method signature="doLoginTest()[pri:0, instance:Tests.LoginPageTest@4f2b503c]" started-at="2023-03-14T11:44:48 IST" name="doLoginTest" finished-at="2023-03-14T11:44:52 IST" duration-ms="4601" status="PASS">
          <reporter-output>
          </reporter-output>
        </test-method> <!-- doLoginTest -->
      </class> <!-- Tests.LoginPageTest -->
    </test> <!-- BimleshAutomation1 -->
    <test started-at="2023-03-14T11:44:53 IST" name="BimleshAutomation2" finished-at="2023-03-14T11:45:05 IST" duration-ms="12351">
      <class name="Tests.LogoutPageTest">
        <test-method is-config="true" signature="setup()[pri:0, instance:Tests.LogoutPageTest@4efac082]" started-at="2023-03-14T11:44:53 IST" name="setup" finished-at="2023-03-14T11:44:56 IST" duration-ms="3389" status="PASS">
          <reporter-output>
          </reporter-output>
        </test-method> <!-- setup -->
        <test-method is-config="true" signature="logoutPageSetup()[pri:0, instance:Tests.LogoutPageTest@4efac082]" started-at="2023-03-14T11:44:56 IST" name="logoutPageSetup" finished-at="2023-03-14T11:45:00 IST" duration-ms="4505" status="PASS">
          <reporter-output>
          </reporter-output>
        </test-method> <!-- logoutPageSetup -->
        <test-method signature="doLogoutTest()[pri:0, instance:Tests.LogoutPageTest@4efac082]" started-at="2023-03-14T11:45:00 IST" name="doLogoutTest" finished-at="2023-03-14T11:45:05 IST" duration-ms="4453" status="PASS">
          <reporter-output>
          </reporter-output>
        </test-method> <!-- doLogoutTest -->
      </class> <!-- Tests.LogoutPageTest -->
    </test> <!-- BimleshAutomation2 -->
  </suite> <!-- Regression -->
</testng-results>
